  Application.cpp
  Camera.cpp
C:\Users\1916025\Desktop\GameArchitecture\2\Study_AClass_3DRotaion\AsoUtility.h(44,2): warning C4091: 'static ': 変数が何も宣言されていないときは、'AsoUtility' の左辺を無視します。
  Coin.cpp
C:\Users\1916025\Desktop\GameArchitecture\2\Study_AClass_3DRotaion\AsoUtility.h(44,2): warning C4091: 'static ': 変数が何も宣言されていないときは、'AsoUtility' の左辺を無視します。
  Fader.cpp
C:\Users\1916025\Desktop\GameArchitecture\2\Study_AClass_3DRotaion\Fader.cpp(45,24): warning C4244: '+=': 'const float' から 'int' への変換です。データが失われる可能性があります。
C:\Users\1916025\Desktop\GameArchitecture\2\Study_AClass_3DRotaion\Fader.cpp(56,24): warning C4244: '-=': 'const float' から 'int' への変換です。データが失われる可能性があります。
  main.cpp
  DemoScene.cpp
  AsoUtility.cpp
C:\Users\1916025\Desktop\GameArchitecture\2\Study_AClass_3DRotaion\AsoUtility.h(44,2): warning C4091: 'static ': 変数が何も宣言されていないときは、'AsoUtility' の左辺を無視します。
C:\Users\1916025\Desktop\GameArchitecture\2\Study_AClass_3DRotaion\AsoUtility.cpp(47,17): warning C4244: '引数': 'double' から 'float' への変換です。データが失われる可能性があります。
C:\Users\1916025\Desktop\GameArchitecture\2\Study_AClass_3DRotaion\AsoUtility.cpp(60,31): warning C4305: '引数': 'double' から 'float' へ切り詰めます。
C:\Users\1916025\Desktop\GameArchitecture\2\Study_AClass_3DRotaion\AsoUtility.cpp(60,17): warning C4244: '引数': 'double' から 'float' への変換です。データが失われる可能性があります。
C:\Users\1916025\Desktop\GameArchitecture\2\Study_AClass_3DRotaion\AsoUtility.cpp(111,12): warning C4244: 'return': 'float' から 'int' への変換です。データが失われる可能性があります。
C:\Users\1916025\Desktop\GameArchitecture\2\Study_AClass_3DRotaion\AsoUtility.cpp(157,12): warning C4244: 'return': 'float' から 'int' への変換です。データが失われる可能性があります。
C:\Users\1916025\Desktop\GameArchitecture\2\Study_AClass_3DRotaion\AsoUtility.cpp(169,13): warning C4244: '初期化中': 'double' から 'int' への変換です。データが失われる可能性があります。
C:\Users\1916025\Desktop\GameArchitecture\2\Study_AClass_3DRotaion\AsoUtility.cpp(170,29): warning C4244: '+=': 'double' から 'int' への変換です。データが失われる可能性があります。
C:\Users\1916025\Desktop\GameArchitecture\2\Study_AClass_3DRotaion\AsoUtility.cpp(179,16): warning C4244: '初期化中': 'double' から 'float' への変換です。データが失われる可能性があります。
C:\Users\1916025\Desktop\GameArchitecture\2\Study_AClass_3DRotaion\AsoUtility.cpp(183,19): warning C4244: '=': 'double' から 'float' への変換です。データが失われる可能性があります。
C:\Users\1916025\Desktop\GameArchitecture\2\Study_AClass_3DRotaion\AsoUtility.cpp(192,19): warning C4244: '=': 'double' から 'float' への変換です。データが失われる可能性があります。
C:\Users\1916025\Desktop\GameArchitecture\2\Study_AClass_3DRotaion\AsoUtility.cpp(200,19): warning C4244: '=': 'double' から 'float' への変換です。データが失われる可能性があります。
C:\Users\1916025\Desktop\GameArchitecture\2\Study_AClass_3DRotaion\AsoUtility.cpp(210,13): warning C4244: '初期化中': 'double' から 'float' への変換です。データが失われる可能性があります。
C:\Users\1916025\Desktop\GameArchitecture\2\Study_AClass_3DRotaion\AsoUtility.cpp(211,13): warning C4244: '初期化中': 'double' から 'float' への変換です。データが失われる可能性があります。
  コードを生成中...
  BaseProject.vcxproj -> C:\Users\1916025\Desktop\GameArchitecture\2\Study_AClass_3DRotaion\x64\Debug\BaseProject.exe
